INFO:hseyaJ 
INFO:elawihD 
INFO:hseyaJelawihaD
INFO:hseyaJ elawihaD
INFO:('1', '2', '3', '4')
INFO:('1', '2', '3', '4')
INFO:['1', '2', '3', '4']
INFO:('1', '2', '3', '4')
INFO:['1', '2', '3', '4']
INFO:Red
INFO:Black
INFO:builtins
INFO:Return the absolute value of the argument.
INFO:    January 2021
Mo Tu We Th Fr Sa Su
             1  2  3
 4  5  6  7  8  9 10
11 12 13 14 15 16 17
18 19 20 21 22 23 24
25 26 27 28 29 30 31

INFO:The difference between the dates is 19 days
INFO:The value is present in group
INFO:**
INFO:****
INFO:*******
INFO:*********
INFO:Jayesh
INFO:{'Black', 'White'}
ERROR:File not found!
INFO:1
INFO:1
INFO:1
INFO:1
INFO:4
INFO:['calender.py', 'check_file_exist.py', 'check_value_present.py', 'class_name_print.py', 'color_difference.py', 'cpu_use_count.py', 'days_difference.py', 'display_colors.py', 'external_command.py', 'histogram.py', 'list_files.py', 'list_to_string.py', 'reverse_name.py', 'sample.log', 'tuple_list.py']
INFO:*----------------------------------*
INFO:environ({'ALLUSERSPROFILE': 'C:\\ProgramData', 'APPDATA': 'C:\\Users\\SR COMPUTER\\AppData\\Roaming', 'COMMONPROGRAMFILES': 'C:\\Program Files\\Common Files', 'COMMONPROGRAMFILES(X86)': 'C:\\Program Files (x86)\\Common Files', 'COMMONPROGRAMW6432': 'C:\\Program Files\\Common Files', 'COMPUTERNAME': 'DESKTOP-CHNCDT9', 'COMSPEC': 'C:\\Windows\\system32\\cmd.exe', 'DRIVERDATA': 'C:\\Windows\\System32\\Drivers\\DriverData', 'HOMEDRIVE': 'C:', 'HOMEPATH': '\\Users\\SR COMPUTER', 'IDEA_INITIAL_DIRECTORY': 'C:\\Users\\SR COMPUTER\\Desktop', 'LOCALAPPDATA': 'C:\\Users\\SR COMPUTER\\AppData\\Local', 'LOGONSERVER': '\\\\DESKTOP-CHNCDT9', 'NUMBER_OF_PROCESSORS': '4', 'ONEDRIVE': 'C:\\Users\\SR COMPUTER\\OneDrive', 'ONEDRIVECONSUMER': 'C:\\Users\\SR COMPUTER\\OneDrive', 'OS': 'Windows_NT', 'PATH': 'C:\\Users\\SR COMPUTER\\Documents\\BridzeLabs\\CFP\\Python_Program\\venv\\Scripts;C:\\Program Files\\Common Files\\Oracle\\Java\\javapath;C:\\Windows\\system32;C:\\Windows;C:\\Windows\\System32\\Wbem;C:\\Windows\\System32\\WindowsPowerShell\\v1.0\\;C:\\Windows\\System32\\OpenSSH\\;C:\\Program Files (x86)\\NVIDIA Corporation\\PhysX\\Common;C:\\Program Files\\Git\\cmd;C:\\Users\\SR COMPUTER\\AppData\\Local\\Microsoft\\WindowsApps;;C:\\Program Files\\JetBrains\\PyCharm Community Edition 2021.3.3\\bin;', 'PATHEXT': '.COM;.EXE;.BAT;.CMD;.VBS;.VBE;.JS;.JSE;.WSF;.WSH;.MSC', 'PROCESSOR_ARCHITECTURE': 'AMD64', 'PROCESSOR_IDENTIFIER': 'Intel64 Family 6 Model 142 Stepping 9, GenuineIntel', 'PROCESSOR_LEVEL': '6', 'PROCESSOR_REVISION': '8e09', 'PROGRAMDATA': 'C:\\ProgramData', 'PROGRAMFILES': 'C:\\Program Files', 'PROGRAMFILES(X86)': 'C:\\Program Files (x86)', 'PROGRAMW6432': 'C:\\Program Files', 'PROMPT': '(venv) $P$G', 'PSMODULEPATH': 'C:\\Program Files\\WindowsPowerShell\\Modules;C:\\Windows\\system32\\WindowsPowerShell\\v1.0\\Modules', 'PUBLIC': 'C:\\Users\\Public', 'PYCHARM COMMUNITY EDITION': 'C:\\Program Files\\JetBrains\\PyCharm Community Edition 2021.3.3\\bin;', 'PYCHARM_HOSTED': '1', 'PYTHONIOENCODING': 'UTF-8', 'PYTHONPATH': 'C:\\Users\\SR COMPUTER\\Documents\\BridzeLabs\\CFP\\Python_Program', 'PYTHONUNBUFFERED': '1', 'SESSIONNAME': 'Console', 'SYSTEMDRIVE': 'C:', 'SYSTEMROOT': 'C:\\Windows', 'TEMP': 'C:\\Users\\SRCOMP~1\\AppData\\Local\\Temp', 'TMP': 'C:\\Users\\SRCOMP~1\\AppData\\Local\\Temp', 'USERDOMAIN': 'DESKTOP-CHNCDT9', 'USERDOMAIN_ROAMINGPROFILE': 'DESKTOP-CHNCDT9', 'USERNAME': 'SR COMPUTER', 'USERPROFILE': 'C:\\Users\\SR COMPUTER', 'VIRTUAL_ENV': 'C:\\Users\\SR COMPUTER\\Documents\\BridzeLabs\\CFP\\Python_Program\\venv', 'WINDIR': 'C:\\Windows', '_OLD_VIRTUAL_PATH': 'C:\\Program Files\\Common Files\\Oracle\\Java\\javapath;C:\\Windows\\system32;C:\\Windows;C:\\Windows\\System32\\Wbem;C:\\Windows\\System32\\WindowsPowerShell\\v1.0\\;C:\\Windows\\System32\\OpenSSH\\;C:\\Program Files (x86)\\NVIDIA Corporation\\PhysX\\Common;C:\\Program Files\\Git\\cmd;C:\\Users\\SR COMPUTER\\AppData\\Local\\Microsoft\\WindowsApps;;C:\\Program Files\\JetBrains\\PyCharm Community Edition 2021.3.3\\bin;', '_OLD_VIRTUAL_PROMPT': '$P$G'})
INFO:*----------------------------------*
INFO:*----------------------------------*
INFO:environ({'ALLUSERSPROFILE': 'C:\\ProgramData', 'APPDATA': 'C:\\Users\\SR COMPUTER\\AppData\\Roaming', 'COMMONPROGRAMFILES': 'C:\\Program Files\\Common Files', 'COMMONPROGRAMFILES(X86)': 'C:\\Program Files (x86)\\Common Files', 'COMMONPROGRAMW6432': 'C:\\Program Files\\Common Files', 'COMPUTERNAME': 'DESKTOP-CHNCDT9', 'COMSPEC': 'C:\\Windows\\system32\\cmd.exe', 'DRIVERDATA': 'C:\\Windows\\System32\\Drivers\\DriverData', 'HOMEDRIVE': 'C:', 'HOMEPATH': '\\Users\\SR COMPUTER', 'IDEA_INITIAL_DIRECTORY': 'C:\\Users\\SR COMPUTER\\Desktop', 'LOCALAPPDATA': 'C:\\Users\\SR COMPUTER\\AppData\\Local', 'LOGONSERVER': '\\\\DESKTOP-CHNCDT9', 'NUMBER_OF_PROCESSORS': '4', 'ONEDRIVE': 'C:\\Users\\SR COMPUTER\\OneDrive', 'ONEDRIVECONSUMER': 'C:\\Users\\SR COMPUTER\\OneDrive', 'OS': 'Windows_NT', 'PATH': 'C:\\Users\\SR COMPUTER\\Documents\\BridzeLabs\\CFP\\Python_Program\\venv\\Scripts;C:\\Program Files\\Common Files\\Oracle\\Java\\javapath;C:\\Windows\\system32;C:\\Windows;C:\\Windows\\System32\\Wbem;C:\\Windows\\System32\\WindowsPowerShell\\v1.0\\;C:\\Windows\\System32\\OpenSSH\\;C:\\Program Files (x86)\\NVIDIA Corporation\\PhysX\\Common;C:\\Program Files\\Git\\cmd;C:\\Users\\SR COMPUTER\\AppData\\Local\\Microsoft\\WindowsApps;;C:\\Program Files\\JetBrains\\PyCharm Community Edition 2021.3.3\\bin;', 'PATHEXT': '.COM;.EXE;.BAT;.CMD;.VBS;.VBE;.JS;.JSE;.WSF;.WSH;.MSC', 'PROCESSOR_ARCHITECTURE': 'AMD64', 'PROCESSOR_IDENTIFIER': 'Intel64 Family 6 Model 142 Stepping 9, GenuineIntel', 'PROCESSOR_LEVEL': '6', 'PROCESSOR_REVISION': '8e09', 'PROGRAMDATA': 'C:\\ProgramData', 'PROGRAMFILES': 'C:\\Program Files', 'PROGRAMFILES(X86)': 'C:\\Program Files (x86)', 'PROGRAMW6432': 'C:\\Program Files', 'PROMPT': '(venv) $P$G', 'PSMODULEPATH': 'C:\\Program Files\\WindowsPowerShell\\Modules;C:\\Windows\\system32\\WindowsPowerShell\\v1.0\\Modules', 'PUBLIC': 'C:\\Users\\Public', 'PYCHARM COMMUNITY EDITION': 'C:\\Program Files\\JetBrains\\PyCharm Community Edition 2021.3.3\\bin;', 'PYCHARM_HOSTED': '1', 'PYTHONIOENCODING': 'UTF-8', 'PYTHONPATH': 'C:\\Users\\SR COMPUTER\\Documents\\BridzeLabs\\CFP\\Python_Program', 'PYTHONUNBUFFERED': '1', 'SESSIONNAME': 'Console', 'SYSTEMDRIVE': 'C:', 'SYSTEMROOT': 'C:\\Windows', 'TEMP': 'C:\\Users\\SRCOMP~1\\AppData\\Local\\Temp', 'TMP': 'C:\\Users\\SRCOMP~1\\AppData\\Local\\Temp', 'USERDOMAIN': 'DESKTOP-CHNCDT9', 'USERDOMAIN_ROAMINGPROFILE': 'DESKTOP-CHNCDT9', 'USERNAME': 'SR COMPUTER', 'USERPROFILE': 'C:\\Users\\SR COMPUTER', 'VIRTUAL_ENV': 'C:\\Users\\SR COMPUTER\\Documents\\BridzeLabs\\CFP\\Python_Program\\venv', 'WINDIR': 'C:\\Windows', '_OLD_VIRTUAL_PATH': 'C:\\Program Files\\Common Files\\Oracle\\Java\\javapath;C:\\Windows\\system32;C:\\Windows;C:\\Windows\\System32\\Wbem;C:\\Windows\\System32\\WindowsPowerShell\\v1.0\\;C:\\Windows\\System32\\OpenSSH\\;C:\\Program Files (x86)\\NVIDIA Corporation\\PhysX\\Common;C:\\Program Files\\Git\\cmd;C:\\Users\\SR COMPUTER\\AppData\\Local\\Microsoft\\WindowsApps;;C:\\Program Files\\JetBrains\\PyCharm Community Edition 2021.3.3\\bin;', '_OLD_VIRTUAL_PROMPT': '$P$G'})
INFO:*----------------------------------*
INFO:*----------------------------------*
INFO:C:\Users\SR COMPUTER\Documents\BridzeLabs\CFP\Python_Program\venv\Scripts;C:\Program Files\Common Files\Oracle\Java\javapath;C:\Windows\system32;C:\Windows;C:\Windows\System32\Wbem;C:\Windows\System32\WindowsPowerShell\v1.0\;C:\Windows\System32\OpenSSH\;C:\Program Files (x86)\NVIDIA Corporation\PhysX\Common;C:\Program Files\Git\cmd;C:\Users\SR COMPUTER\AppData\Local\Microsoft\WindowsApps;;C:\Program Files\JetBrains\PyCharm Community Edition 2021.3.3\bin;
INFO:*----------------------------------*
